<?xml version="1.0" encoding="UTF-8"?>
<testng-results ignored="0" total="1" passed="1" failed="0" skipped="0">
  <reporter-output>
  </reporter-output>
  <suite started-at="2025-12-16T16:44:17 IST" name="Default suite" finished-at="2025-12-16T16:44:20 IST" duration-ms="3567">
    <groups>
    </groups>
    <test started-at="2025-12-16T16:44:17 IST" name="Default test" finished-at="2025-12-16T16:44:20 IST" duration-ms="3567">
      <class name="com.api.tests.RegisterApiTest">
        <test-method signature="registerTest()[pri:0, instance:com.api.tests.RegisterApiTest@77847718]" started-at="2025-12-16T16:44:17 IST" name="registerTest" description="Verify if Register API is working" finished-at="2025-12-16T16:44:20 IST" duration-ms="3499" status="PASS">
          <reporter-output>
          </reporter-output>
        </test-method> <!-- registerTest -->
      </class> <!-- com.api.tests.RegisterApiTest -->
    </test> <!-- Default test -->
  </suite> <!-- Default suite -->
</testng-results>
